Flutter crash report.
Please report a bug at https://github.com/flutter/flutter/issues.

## command

flutter --no-color pub get

## exception

FormatException: FormatException: Unexpected end of input (at character 1)

^


```
#0      _ChunkedJsonParser.fail (dart:convert-patch/convert_patch.dart:1404:5)
#1      _ChunkedJsonParser.close (dart:convert-patch/convert_patch.dart:522:7)
#2      _parseJson (dart:convert-patch/convert_patch.dart:41:10)
#3      JsonDecoder.convert (dart:convert/json.dart:506:36)
#4      JsonCodec.decode (dart:convert/json.dart:157:41)
#5      createPluginSymlinks (package:flutter_tools/src/plugins.dart:1077:50)
#6      refreshPluginsList (package:flutter_tools/src/plugins.dart:1175:5)
<asynchronous suspension>
#7      FlutterProject.ensureReadyForPlatformSpecificTooling (package:flutter_tools/src/project.dart:300:5)
<asynchronous suspension>
#8      PackagesGetCommand.runCommand (package:flutter_tools/src/commands/packages.dart:167:5)
<asynchronous suspension>
#9      FlutterCommand.run.<anonymous closure> (package:flutter_tools/src/runner/flutter_command.dart:1043:27)
<asynchronous suspension>
#10     AppContext.run.<anonymous closure> (package:flutter_tools/src/base/context.dart:150:19)
<asynchronous suspension>
#11     CommandRunner.runCommand (package:args/command_runner.dart:196:13)
<asynchronous suspension>
#12     FlutterCommandRunner.runCommand.<anonymous closure> (package:flutter_tools/src/runner/flutter_command_runner.dart:284:9)
<asynchronous suspension>
#13     AppContext.run.<anonymous closure> (package:flutter_tools/src/base/context.dart:150:19)
<asynchronous suspension>
#14     FlutterCommandRunner.runCommand (package:flutter_tools/src/runner/flutter_command_runner.dart:232:5)
<asynchronous suspension>
#15     run.<anonymous closure>.<anonymous closure> (package:flutter_tools/runner.dart:62:9)
<asynchronous suspension>
#16     AppContext.run.<anonymous closure> (package:flutter_tools/src/base/context.dart:150:19)
<asynchronous suspension>
#17     main (package:flutter_tools/executable.dart:91:3)
<asynchronous suspension>
```

## flutter doctor

```
[✓] Flutter (Channel stable, 2.2.1, on Microsoft Windows [Version 10.0.19043.1055], locale en-US)
    • Flutter version 2.2.1 at C:\flutter
    • Framework revision 02c026b03c (4 weeks ago), 2021-05-27 12:24:44 -0700
    • Engine revision 0fdb562ac8
    • Dart version 2.13.1

[!] Android toolchain - develop for Android devices (Android SDK version 30.0.3)
    • Android SDK at C:\Users\Muhammad Anees\AppData\Local\Android\sdk
    • Platform android-30, build-tools 30.0.3
    • ANDROID_HOME = C:\Users\Muhammad Anees\AppData\Local\Android
    • Java binary at: C:\Program Files\Android\Android Studio\jre\bin\java
    • Java version OpenJDK Runtime Environment (build 11.0.8+10-b944.6842174)
    ✗ Android license status unknown.
      Run `flutter doctor --android-licenses` to accept the SDK licenses.
      See https://flutter.dev/docs/get-started/install/windows#android-setup for more details.

[✓] Chrome - develop for the web
    • Chrome at C:\Program Files\Google\Chrome\Application\chrome.exe

[✓] Android Studio (version 4.1.0)
    • Android Studio at C:\Program Files\Android\Android Studio
    • Flutter plugin can be installed from:
      🔨 https://plugins.jetbrains.com/plugin/9212-flutter
    • Dart plugin can be installed from:
      🔨 https://plugins.jetbrains.com/plugin/6351-dart
    • Java version OpenJDK Runtime Environment (build 11.0.8+10-b944.6842174)

[✓] VS Code (version 1.57.1)
    • VS Code at C:\Users\Muhammad Anees\AppData\Local\Programs\Microsoft VS Code
    • Flutter extension version 3.23.0

[✓] Connected device (3 available)
    • Infinix X680B (mobile) • 057633707N002714 • android-arm64  • Android 10 (API 29)
    • Chrome (web)           • chrome           • web-javascript • Google Chrome 91.0.4472.106
    • Edge (web)             • edge             • web-javascript • Microsoft Edge 91.0.864.54

! Doctor found issues in 1 category.
```
